<?xml version="1.0" encoding="UTF-8"?>
<!-- Generated by org.testng.reporters.JUnitReportReporter -->
<testsuite hostname="DESKTOP-7A5CLN9" failures="0" tests="1" name="mGroupProject.Ebay" time="15.514" errors="0" timestamp="2023-08-03T23:03:27 GMT-07:00" skipped="0">
  <testcase classname="mGroupProject.Ebay" name="Ebaytest" time="15.514"/>
  <system-out>
    <![CDATA[Opening Ebay]]>
  </system-out>
</testsuite> <!-- mGroupProject.Ebay -->
