<?xml version="1.0" encoding="UTF-8"?>
<!-- Generated by org.testng.reporters.JUnitReportReporter -->
<testsuite hostname="DESKTOP-7A5CLN9" failures="0" tests="1" name="mGroupProject.Amazon" time="20.257" errors="0" timestamp="2023-07-26T07:12:32 GMT-07:00" skipped="0">
  <testcase classname="mGroupProject.Amazon" name="AmazonTest" time="20.257"/>
  <system-out>
    <![CDATA[Opening amazon]]>
  </system-out>
</testsuite> <!-- mGroupProject.Amazon -->
