<?xml version="1.0" encoding="UTF-8"?>
<!-- Generated by org.testng.reporters.JUnitReportReporter -->
<testsuite hostname="DESKTOP-7A5CLN9" failures="0" tests="1" name="mGroupProject.Ajio" time="18.862" errors="0" timestamp="2023-07-26T06:50:20 GMT-07:00" skipped="0">
  <testcase classname="mGroupProject.Ajio" name="AjioTest" time="18.862"/>
  <system-out>
    <![CDATA[Opening Ajio]]>
  </system-out>
</testsuite> <!-- mGroupProject.Ajio -->
