<?xml version="1.0" encoding="UTF-8"?>
<!-- Generated by org.testng.reporters.JUnitReportReporter -->
<testsuite hostname="DESKTOP-7A5CLN9" failures="0" tests="1" name="mGroupProject.Meeshow" time="15.462" errors="0" timestamp="2023-08-03T23:03:27 GMT-07:00" skipped="0">
  <testcase classname="mGroupProject.Meeshow" name="Ec_123_Meeshowtest" time="15.462"/>
  <system-out>
    <![CDATA[Opening Meesho]]>
  </system-out>
</testsuite> <!-- mGroupProject.Meeshow -->
